Wed Mar 18 02:01:58 CET 2009  [debug] AvalonLogChute initialized using file 'velocity.log'
Wed Mar 18 02:01:58 CET 2009  [trace] *******************************************************************
Wed Mar 18 02:01:58 CET 2009  [debug] Starting Apache Velocity v1.5 (compiled: 2007-02-22 08:52:29)
Wed Mar 18 02:01:58 CET 2009  [trace] RuntimeInstance initializing.
Wed Mar 18 02:01:58 CET 2009  [debug] Default Properties File: org/apache/velocity/runtime/defaults/velocity.properties
Wed Mar 18 02:01:58 CET 2009  [debug] Trying to use logger class org.apache.velocity.runtime.log.AvalonLogChute
Wed Mar 18 02:01:58 CET 2009  [debug] Using logger class org.apache.velocity.runtime.log.AvalonLogChute
Wed Mar 18 02:01:58 CET 2009  [debug] Default ResourceManager initializing. (class org.apache.velocity.runtime.resource.ResourceManagerImpl)
Wed Mar 18 02:01:58 CET 2009  [debug] ResourceLoader instantiated: org.apache.velocity.runtime.resource.loader.JarResourceLoader
Wed Mar 18 02:01:58 CET 2009  [trace] JarResourceLoader : initialization starting.
Wed Mar 18 02:01:58 CET 2009  [debug] JarResourceLoader # of paths : 1
Wed Mar 18 02:01:58 CET 2009  [debug] JarResourceLoader : trying to load "jar:file:/home/bafu/.m2/repository/org/codehaus/mojo/webstart/webstart-maven-plugin/1.0-alpha-2/webstart-maven-plugin-1.0-alpha-2.jar!/"
Wed Mar 18 02:01:58 CET 2009  [debug] JarHolder: attempting to connect to jar:file:/home/bafu/.m2/repository/org/codehaus/mojo/webstart/webstart-maven-plugin/1.0-alpha-2/webstart-maven-plugin-1.0-alpha-2.jar!/
Wed Mar 18 02:01:58 CET 2009  [debug] JarHolder: initialized JAR: jar:file:/home/bafu/.m2/repository/org/codehaus/mojo/webstart/webstart-maven-plugin/1.0-alpha-2/webstart-maven-plugin-1.0-alpha-2.jar!/
Wed Mar 18 02:01:58 CET 2009  [trace] JarResourceLoader : initialization complete.
Wed Mar 18 02:01:58 CET 2009  [debug] ResourceCache: initialized (class org.apache.velocity.runtime.resource.ResourceCacheImpl)
Wed Mar 18 02:01:58 CET 2009  [trace] Default ResourceManager initialization complete.
Wed Mar 18 02:01:58 CET 2009  [debug] Loaded System Directive: org.apache.velocity.runtime.directive.Literal
Wed Mar 18 02:01:58 CET 2009  [debug] Loaded System Directive: org.apache.velocity.runtime.directive.Macro
Wed Mar 18 02:01:58 CET 2009  [debug] Loaded System Directive: org.apache.velocity.runtime.directive.Parse
Wed Mar 18 02:01:58 CET 2009  [debug] Loaded System Directive: org.apache.velocity.runtime.directive.Include
Wed Mar 18 02:01:58 CET 2009  [debug] Loaded System Directive: org.apache.velocity.runtime.directive.Foreach
Wed Mar 18 02:01:58 CET 2009  [debug] Created '20' parsers.
Wed Mar 18 02:01:58 CET 2009  [trace] Velocimacro : initialization starting.
Wed Mar 18 02:01:58 CET 2009  [debug] Velocimacro : "velocimacro.library" is not set.  Trying default library: VM_global_library.vm
Wed Mar 18 02:01:58 CET 2009  [debug] Velocimacro : Default library not found.
Wed Mar 18 02:01:58 CET 2009  [debug] Velocimacro : allowInline = true : VMs can be defined inline in templates
Wed Mar 18 02:01:58 CET 2009  [debug] Velocimacro : allowInlineToOverride = false : VMs defined inline may NOT replace previous VM definitions
Wed Mar 18 02:01:58 CET 2009  [debug] Velocimacro : allowInlineLocal = false : VMs defined inline will be global in scope if allowed.
Wed Mar 18 02:01:58 CET 2009  [debug] Velocimacro : autoload off : VM system will not automatically reload global library macros
Wed Mar 18 02:01:58 CET 2009  [trace] Velocimacro : Velocimacro : initialization complete.
Wed Mar 18 02:01:58 CET 2009  [trace] RuntimeInstance successfully initialized.
Wed Mar 18 02:01:58 CET 2009  [debug] ResourceManager : found default-jnlp-template.vm with loader org.apache.velocity.runtime.resource.loader.JarResourceLoader
Wed Mar 18 02:01:59 CET 2009   [info] Null reference [template 'default-jnlp-template.vm', line 4, column 15] : $project.Url cannot be resolved.
Wed Mar 18 02:01:59 CET 2009   [info] Null reference [template 'default-jnlp-template.vm', line 8, column 13] : $project.Organization.Name cannot be resolved.
Wed Mar 18 02:01:59 CET 2009   [info] Null reference [template 'default-jnlp-template.vm', line 9, column 21] : $project.Url cannot be resolved.
